<?xml version="1.0" encoding="UTF-8"?>
<testsuite xmlns:xsi="http://www.w3.org/2001/XMLSchema-instance" xsi:noNamespaceSchemaLocation="https://maven.apache.org/surefire/maven-surefire-plugin/xsd/surefire-test-report-3.0.xsd" version="3.0" name="fr.istic.vv.DateTest" time="0.15" tests="43" errors="0" skipped="0" failures="0">
  <properties>
[...]
</properties>
  <testcase name="basicTest" classname="fr.istic.vv.DateTest" time="0.039"/>
  <testcase name="next294Test" classname="fr.istic.vv.DateTest" time="0.002"/>
  <testcase name="previous294Test" classname="fr.istic.vv.DateTest" time="0"/>
  <testcase name="notValidMonth" classname="fr.istic.vv.DateTest" time="0.002"/>
  <testcase name="previous28Test" classname="fr.istic.vv.DateTest" time="0"/>
  <testcase name="previous30Test(int)[1]" classname="fr.istic.vv.DateTest" time="0.025"/>
  <testcase name="previous30Test(int)[2]" classname="fr.istic.vv.DateTest" time="0.001"/>
  <testcase name="previous30Test(int)[3]" classname="fr.istic.vv.DateTest" time="0"/>
  <testcase name="previous30Test(int)[4]" classname="fr.istic.vv.DateTest" time="0"/>
  <testcase name="previous31Test(int)[1]" classname="fr.istic.vv.DateTest" time="0"/>
  <testcase name="previous31Test(int)[2]" classname="fr.istic.vv.DateTest" time="0"/>
  <testcase name="previous31Test(int)[3]" classname="fr.istic.vv.DateTest" time="0"/>
  <testcase name="previous31Test(int)[4]" classname="fr.istic.vv.DateTest" time="0"/>
  <testcase name="previous31Test(int)[5]" classname="fr.istic.vv.DateTest" time="0.001"/>
  <testcase name="previous31Test(int)[6]" classname="fr.istic.vv.DateTest" time="0"/>
  <testcase name="notValidDayTest" classname="fr.istic.vv.DateTest" time="0.001"/>
  <testcase name="compareLessDTest" classname="fr.istic.vv.DateTest" time="0.001"/>
  <testcase name="compareLessMTest" classname="fr.istic.vv.DateTest" time="0"/>
  <testcase name="compareLessYTest" classname="fr.istic.vv.DateTest" time="0.001"/>
  <testcase name="compareNullTest" classname="fr.istic.vv.DateTest" time="0"/>
  <testcase name="previousNewYearTest" classname="fr.istic.vv.DateTest" time="0"/>
  <testcase name="next28100Test" classname="fr.istic.vv.DateTest" time="0"/>
  <testcase name="next29400Test" classname="fr.istic.vv.DateTest" time="0"/>
  <testcase name="compareEqualsTest" classname="fr.istic.vv.DateTest" time="0"/>
  <testcase name="compareGreatDTest" classname="fr.istic.vv.DateTest" time="0"/>
  <testcase name="compareGreatMTest" classname="fr.istic.vv.DateTest" time="0"/>
  <testcase name="compareGreatYTest" classname="fr.istic.vv.DateTest" time="0"/>
  <testcase name="nextGenTest" classname="fr.istic.vv.DateTest" time="0"/>
  <testcase name="previousGenTest" classname="fr.istic.vv.DateTest" time="0"/>
  <testcase name="nextNewYearTest" classname="fr.istic.vv.DateTest" time="0"/>
  <testcase name="previous28100Test" classname="fr.istic.vv.DateTest" time="0"/>
  <testcase name="previous29400Test" classname="fr.istic.vv.DateTest" time="0"/>
  <testcase name="next28Test" classname="fr.istic.vv.DateTest" time="0.001"/>
  <testcase name="next30Test(int)[1]" classname="fr.istic.vv.DateTest" time="0.001"/>
  <testcase name="next30Test(int)[2]" classname="fr.istic.vv.DateTest" time="0.001"/>
  <testcase name="next30Test(int)[3]" classname="fr.istic.vv.DateTest" time="0"/>
  <testcase name="next30Test(int)[4]" classname="fr.istic.vv.DateTest" time="0"/>
  <testcase name="next31Test(int)[1]" classname="fr.istic.vv.DateTest" time="0"/>
  <testcase name="next31Test(int)[2]" classname="fr.istic.vv.DateTest" time="0"/>
  <testcase name="next31Test(int)[3]" classname="fr.istic.vv.DateTest" time="0.001"/>
  <testcase name="next31Test(int)[4]" classname="fr.istic.vv.DateTest" time="0"/>
  <testcase name="next31Test(int)[5]" classname="fr.istic.vv.DateTest" time="0"/>
  <testcase name="next31Test(int)[6]" classname="fr.istic.vv.DateTest" time="0"/>
</testsuite>