<?xml version="1.0" encoding="UTF-8"?>
<testsuite xmlns:xsi="http://www.w3.org/2001/XMLSchema-instance" xsi:noNamespaceSchemaLocation="https://maven.apache.org/surefire/maven-surefire-plugin/xsd/surefire-test-report-3.0.xsd" version="3.0" name="fr.istic.vv.DateTest" time="0.068" tests="17" errors="0" skipped="0" failures="0">
  <properties>
[...]
</properties>
  <testcase name="testNextDate_ChangeOfYear" classname="fr.istic.vv.DateTest" time="0.03"/>
  <testcase name="testPreviousDate_ChangeOfMonth" classname="fr.istic.vv.DateTest" time="0.001"/>
  <testcase name="testIsLeapYear_LeapYear" classname="fr.istic.vv.DateTest" time="0.002"/>
  <testcase name="testPreviousDate_SimpleDecrement" classname="fr.istic.vv.DateTest" time="0.001"/>
  <testcase name="testIsLeapYear_NotLeapYear" classname="fr.istic.vv.DateTest" time="0.001"/>
  <testcase name="testPreviousDate_FirstDayOfYear" classname="fr.istic.vv.DateTest" time="0"/>
  <testcase name="testPreviousDate" classname="fr.istic.vv.DateTest" time="0.001"/>
  <testcase name="testIsValidDate_MonthIsInvalid" classname="fr.istic.vv.DateTest" time="0.001"/>
  <testcase name="testPreviousDate_ChangeOfYear" classname="fr.istic.vv.DateTest" time="0"/>
  <testcase name="testCompareTo_AnteriorDate" classname="fr.istic.vv.DateTest" time="0.001"/>
  <testcase name="testNextDate_SimpleIncrement" classname="fr.istic.vv.DateTest" time="0.001"/>
  <testcase name="testNextDate_ChangeOfMonth" classname="fr.istic.vv.DateTest" time="0"/>
  <testcase name="testIsValidDate_DayIsInvalid" classname="fr.istic.vv.DateTest" time="0"/>
  <testcase name="testCompareTo_IdenticalDate" classname="fr.istic.vv.DateTest" time="0"/>
  <testcase name="testCompareTo_PosteriorDate" classname="fr.istic.vv.DateTest" time="0.001"/>
  <testcase name="testIsValidDate_YearIsValid" classname="fr.istic.vv.DateTest" time="0.001"/>
  <testcase name="testNextDate" classname="fr.istic.vv.DateTest" time="0"/>
</testsuite>