<?xml version="1.0" encoding="UTF-8"?>
<testsuite xmlns:xsi="http://www.w3.org/2001/XMLSchema-instance" xsi:noNamespaceSchemaLocation="https://maven.apache.org/surefire/maven-surefire-plugin/xsd/surefire-test-report-3.0.xsd" version="3.0" name="fr.istic.vv.StringUtilsTest" time="0.067" tests="6" errors="0" skipped="0" failures="0">
  <properties>
[...]
</properties>
  <testcase name="entangle" classname="fr.istic.vv.StringUtilsTest" time="0.042"/>
  <testcase name="addition" classname="fr.istic.vv.StringUtilsTest" time="0.001"/>
  <testcase name="random" classname="fr.istic.vv.StringUtilsTest" time="0.001"/>
  <testcase name="simplebalanced" classname="fr.istic.vv.StringUtilsTest" time="0"/>
  <testcase name="inputDomain" classname="fr.istic.vv.StringUtilsTest" time="0"/>
  <testcase name="surrounded" classname="fr.istic.vv.StringUtilsTest" time="0"/>
</testsuite>