<?xml version="1.0" encoding="UTF-8"?>
<testsuite xmlns:xsi="http://www.w3.org/2001/XMLSchema-instance" xsi:noNamespaceSchemaLocation="https://maven.apache.org/surefire/maven-surefire-plugin/xsd/surefire-test-report-3.0.xsd" version="3.0" name="fr.istic.vv.StringUtilsTest" time="0.033" tests="3" errors="0" skipped="0" failures="0">
  <properties>
[...]
</properties>
  <testcase name="TestMauvaisAlignement" classname="fr.istic.vv.StringUtilsTest" time="0.017"/>
  <testcase name="testBonnereponse" classname="fr.istic.vv.StringUtilsTest" time="0.001"/>
  <testcase name="TestMauvaisereponse" classname="fr.istic.vv.StringUtilsTest" time="0.001"/>
</testsuite>