<?xml version="1.0" encoding="UTF-8"?>
<testsuite xmlns:xsi="http://www.w3.org/2001/XMLSchema-instance" xsi:noNamespaceSchemaLocation="https://maven.apache.org/surefire/maven-surefire-plugin/xsd/surefire-test-report-3.0.xsd" version="3.0" name="fr.istic.vv.BinaryHeapTest" time="0.138" tests="14" errors="0" skipped="0" failures="0">
  <properties>
[...]
</properties>
  <testcase name="PushPeekPopCount" classname="fr.istic.vv.BinaryHeapTest" time="0.079"/>
  <testcase name="PushPopCount" classname="fr.istic.vv.BinaryHeapTest" time="0.002"/>
  <testcase name="PushOneElement" classname="fr.istic.vv.BinaryHeapTest" time="0.001"/>
  <testcase name="PushSeveralElements" classname="fr.istic.vv.BinaryHeapTest" time="0.002"/>
  <testcase name="PopVoidElement" classname="fr.istic.vv.BinaryHeapTest" time="0.005"/>
  <testcase name="PeekElement" classname="fr.istic.vv.BinaryHeapTest" time="0.001"/>
  <testcase name="PeekVoidElement" classname="fr.istic.vv.BinaryHeapTest" time="0.002"/>
  <testcase name="PopPushPopElement" classname="fr.istic.vv.BinaryHeapTest" time="0.002"/>
  <testcase name="PeekOneElement" classname="fr.istic.vv.BinaryHeapTest" time="0.001"/>
  <testcase name="PopElement" classname="fr.istic.vv.BinaryHeapTest" time="0.001"/>
  <testcase name="PopOneElement" classname="fr.istic.vv.BinaryHeapTest" time="0.001"/>
  <testcase name="PushPeekCount" classname="fr.istic.vv.BinaryHeapTest" time="0.001"/>
  <testcase name="VoidCount" classname="fr.istic.vv.BinaryHeapTest" time="0.001"/>
  <testcase name="PushPeekPopPushCount" classname="fr.istic.vv.BinaryHeapTest" time="0.001"/>
</testsuite>